2024-11-21 17:40:15,525 [Worker-5: Loading available Gradle versions] INFO  o.e.b.c.i.u.g.PublishedGradleVersions - Gradle version information cache is up-to-date. Trying to read.
2024-11-21 17:44:13,862 [Worker-14: Creating project "clase00"] INFO  o.e.m.c.i.l.LifecycleMappingFactory - Using org.eclipse.m2e.jdt.JarLifecycleMapping lifecycle mapping for MavenProject: com.coderhouse:clase00:0.0.1-SNAPSHOT @ C:\Users\syste\OneDrive\Desktop\JAVA\clase00\pom.xml.
2024-11-21 17:44:14,678 [Worker-14: Creating project "clase00"] INFO  o.e.m.j.i.AbstractJavaProjectConfigurator - Adding source folder /clase00/src/main/java
2024-11-21 17:44:14,683 [Worker-14: Creating project "clase00"] INFO  o.e.m.j.i.AbstractJavaProjectConfigurator - Adding resource folder /clase00/src/main/resources
2024-11-21 17:44:14,685 [Worker-14: Creating project "clase00"] INFO  o.e.m.j.i.AbstractJavaProjectConfigurator - Adding source folder /clase00/src/test/java
2024-11-21 17:44:14,687 [Worker-14: Creating project "clase00"] INFO  o.e.m.j.i.AbstractJavaProjectConfigurator - Adding resource folder /clase00/src/test/resources
2024-11-21 17:44:15,628 [Worker-32: Building] WARN  o.a.m.s.f.DefaultMavenResourcesFiltering - Using platform encoding (UTF-8 actually) to copy filtered resources, i.e. build is platform dependent!
2024-11-21 17:44:15,635 [Worker-32: Building] INFO  o.a.m.s.f.DefaultMavenResourcesFiltering - Copying 0 resource from src\main\resources to target\classes
2024-11-21 17:44:15,640 [Worker-32: Building] WARN  o.a.m.s.f.DefaultMavenResourcesFiltering - Using platform encoding (UTF-8 actually) to copy filtered resources, i.e. build is platform dependent!
2024-11-21 17:44:15,641 [Worker-32: Building] INFO  o.a.m.s.f.DefaultMavenResourcesFiltering - Copying 0 resource from src\test\resources to target\test-classes
2024-11-21 17:46:00,390 [Worker-14: Building] WARN  o.a.m.s.f.DefaultMavenResourcesFiltering - Using platform encoding (UTF-8 actually) to copy filtered resources, i.e. build is platform dependent!
2024-11-21 17:46:00,392 [Worker-14: Building] INFO  o.a.m.s.f.DefaultMavenResourcesFiltering - Copying 0 resource from src\main\resources to target\classes
2024-11-21 17:46:00,396 [Worker-14: Building] WARN  o.a.m.s.f.DefaultMavenResourcesFiltering - Using platform encoding (UTF-8 actually) to copy filtered resources, i.e. build is platform dependent!
2024-11-21 17:46:00,398 [Worker-14: Building] INFO  o.a.m.s.f.DefaultMavenResourcesFiltering - skip non existing resourceDirectory C:\Users\syste\OneDrive\Desktop\JAVA\clase00\src\test\resources
2024-11-21 17:46:58,986 [Worker-33: Building] WARN  o.a.m.s.f.DefaultMavenResourcesFiltering - Using platform encoding (UTF-8 actually) to copy filtered resources, i.e. build is platform dependent!
2024-11-21 17:46:58,987 [Worker-33: Building] INFO  o.a.m.s.f.DefaultMavenResourcesFiltering - Copying 0 resource from src\main\resources to target\classes
2024-11-21 17:46:58,991 [Worker-33: Building] WARN  o.a.m.s.f.DefaultMavenResourcesFiltering - Using platform encoding (UTF-8 actually) to copy filtered resources, i.e. build is platform dependent!
2024-11-21 17:46:58,992 [Worker-33: Building] INFO  o.a.m.s.f.DefaultMavenResourcesFiltering - Copying 0 resource from src\test\resources to target\test-classes
2024-11-21 17:47:03,057 [Worker-33: Building] WARN  o.a.m.s.f.DefaultMavenResourcesFiltering - Using platform encoding (UTF-8 actually) to copy filtered resources, i.e. build is platform dependent!
2024-11-21 17:47:03,059 [Worker-33: Building] INFO  o.a.m.s.f.DefaultMavenResourcesFiltering - Copying 0 resource from src\main\resources to target\classes
2024-11-21 17:47:03,063 [Worker-33: Building] WARN  o.a.m.s.f.DefaultMavenResourcesFiltering - Using platform encoding (UTF-8 actually) to copy filtered resources, i.e. build is platform dependent!
2024-11-21 17:47:03,065 [Worker-33: Building] INFO  o.a.m.s.f.DefaultMavenResourcesFiltering - skip non existing resourceDirectory C:\Users\syste\OneDrive\Desktop\JAVA\clase00\src\test\resources
